
/var/www/www-root/data/www/cafre.ru/bitrix/modules/carrotquest.marketing/lang/en/options.php
/var/www/www-root/data/www/cafre.ru/bitrix/modules/carrotquest.marketing/lang/en/install/index.php
/var/www/www-root/data/www/cafre.ru/bitrix/modules/carrotquest.marketing/lang/en/install/step.php
/var/www/www-root/data/www/cafre.ru/bitrix/modules/carrotquest.marketing/lang/en/install/unstep.php
/var/www/www-root/data/www/cafre.ru/bitrix/modules/carrotquest.marketing/lang/ru/options-utf8.php
/var/www/www-root/data/www/cafre.ru/bitrix/modules/carrotquest.marketing/lang/ru/options.php
/var/www/www-root/data/www/cafre.ru/bitrix/modules/carrotquest.marketing/lang/ru/install/index.php
/var/www/www-root/data/www/cafre.ru/bitrix/modules/carrotquest.marketing/lang/ru/install/step.php
/var/www/www-root/data/www/cafre.ru/bitrix/modules/carrotquest.marketing/lang/ru/install/unstep.php
/var/www/www-root/data/www/cafre.ru/bitrix/modules/carrotquest.marketing/options.php
/var/www/www-root/data/www/cafre.ru/bitrix/modules/carrotquest.marketing/include.php
/var/www/www-root/data/www/cafre.ru/bitrix/modules/carrotquest.marketing/lib/carroteventsorder.php
/var/www/www-root/data/www/cafre.ru/bitrix/modules/carrotquest.marketing/lib/carroteventsbasket.php
/var/www/www-root/data/www/cafre.ru/bitrix/modules/carrotquest.marketing/lib/carrotevents.php
/var/www/www-root/data/www/cafre.ru/bitrix/modules/carrotquest.marketing/install/index.php
/var/www/www-root/data/www/cafre.ru/bitrix/modules/carrotquest.marketing/install/version.php
/var/www/www-root/data/www/cafre.ru/bitrix/modules/carrotquest.marketing/install/step.php
/var/www/www-root/data/www/cafre.ru/bitrix/modules/carrotquest.marketing/install/unstep.php









/var/www/www-root/data/www/cafre.ru/work/zakaz.xml
/var/www/www-root/data/www/cafre.ru/work/log.txt
/var/www/www-root/data/www/cafre.ru/ajax/log.txt
/var/www/www-root/data/www/cafre.ru/ajax/actbasquant.php
